<?xml version="1.0" encoding="UTF-8"?>
<!-- Generated by org.testng.reporters.JUnitXMLReporter -->
<testsuite ignored="0" hostname="LAPTOP-JGRSMERP" failures="2" tests="2" name="Test" time="30.994" errors="0" timestamp="2024-05-06T16:55:13 IST">
  <testcase classname="com.Amazon.Test.SearchProductTest" name="searchSaree" time="3.119">
    <failure type="org.openqa.selenium.NoSuchElementException" message="no such element: Unable to locate element: {&amp;quot;method&amp;quot;:&amp;quot;css selector&amp;quot;,&amp;quot;selector&amp;quot;:&amp;quot;#twotabsearchtextbox&amp;quot;}
  (Session info: chrome=124.0.6367.119)
For documentation on this error, please visit: https://www.selenium.dev/documentation/webdriver/troubleshooting/errors#no-such-element-exception
Build info: version: &amp;apos;4.17.0&amp;apos;, revision: &amp;apos;e52b1be057*&amp;apos;
System info: os.name: &amp;apos;Windows 11&amp;apos;, os.arch: &amp;apos;amd64&amp;apos;, os.version: &amp;apos;10.0&amp;apos;, java.version: &amp;apos;17.0.7&amp;apos;
Driver info: org.openqa.selenium.chrome.ChromeDriver
Command: [94850fa9544b1847a1f0ff28fd13415c, findElement {value=twotabsearchtextbox, using=id}]
Capabilities {acceptInsecureCerts: false, browserName: chrome, browserVersion: 124.0.6367.119, chrome: {chromedriverVersion: 124.0.6367.91 (51df0e5e17a8..., userDataDir: C:\Users\SACHIN~1\AppData\L...}, fedcm:accounts: true, goog:chromeOptions: {debuggerAddress: localhost:53338}, networkConnectionEnabled: false, pageLoadStrategy: normal, platformName: windows, proxy: Proxy(), se:cdp: ws://localhost:53338/devtoo..., se:cdpVersion: 124.0.6367.119, setWindowRect: true, strictFileInteractability: false, timeouts: {implicit: 0, pageLoad: 300000, script: 30000}, unhandledPromptBehavior: dismiss and notify, webauthn:extension:credBlob: true, webauthn:extension:largeBlob: true, webauthn:extension:minPinLength: true, webauthn:extension:prf: true, webauthn:virtualAuthenticators: true}
Session ID: 94850fa9544b1847a1f0ff28fd13415c">
      <![CDATA[org.openqa.selenium.NoSuchElementException: no such element: Unable to locate element: {"method":"css selector","selector":"#twotabsearchtextbox"}
  (Session info: chrome=124.0.6367.119)
For documentation on this error, please visit: https://www.selenium.dev/documentation/webdriver/troubleshooting/errors#no-such-element-exception
Build info: version: '4.17.0', revision: 'e52b1be057*'
System info: os.name: 'Windows 11', os.arch: 'amd64', os.version: '10.0', java.version: '17.0.7'
Driver info: org.openqa.selenium.chrome.ChromeDriver
Command: [94850fa9544b1847a1f0ff28fd13415c, findElement {value=twotabsearchtextbox, using=id}]
Capabilities {acceptInsecureCerts: false, browserName: chrome, browserVersion: 124.0.6367.119, chrome: {chromedriverVersion: 124.0.6367.91 (51df0e5e17a8..., userDataDir: C:\Users\SACHIN~1\AppData\L...}, fedcm:accounts: true, goog:chromeOptions: {debuggerAddress: localhost:53338}, networkConnectionEnabled: false, pageLoadStrategy: normal, platformName: windows, proxy: Proxy(), se:cdp: ws://localhost:53338/devtoo..., se:cdpVersion: 124.0.6367.119, setWindowRect: true, strictFileInteractability: false, timeouts: {implicit: 0, pageLoad: 300000, script: 30000}, unhandledPromptBehavior: dismiss and notify, webauthn:extension:credBlob: true, webauthn:extension:largeBlob: true, webauthn:extension:minPinLength: true, webauthn:extension:prf: true, webauthn:virtualAuthenticators: true}
Session ID: 94850fa9544b1847a1f0ff28fd13415c
at org.openqa.selenium.remote.codec.w3c.W3CHttpResponseCodec.createException(W3CHttpResponseCodec.java:185)
at org.openqa.selenium.remote.codec.w3c.W3CHttpResponseCodec.decode(W3CHttpResponseCodec.java:134)
at org.openqa.selenium.remote.codec.w3c.W3CHttpResponseCodec.decode(W3CHttpResponseCodec.java:51)
at org.openqa.selenium.remote.HttpCommandExecutor.execute(HttpCommandExecutor.java:190)
at org.openqa.selenium.remote.service.DriverCommandExecutor.invokeExecute(DriverCommandExecutor.java:216)
at org.openqa.selenium.remote.service.DriverCommandExecutor.execute(DriverCommandExecutor.java:174)
at org.openqa.selenium.remote.RemoteWebDriver.execute(RemoteWebDriver.java:519)
at org.openqa.selenium.remote.ElementLocation$ElementFinder$2.findElement(ElementLocation.java:165)
at org.openqa.selenium.remote.ElementLocation.findElement(ElementLocation.java:59)
at org.openqa.selenium.remote.RemoteWebDriver.findElement(RemoteWebDriver.java:356)
at org.openqa.selenium.remote.RemoteWebDriver.findElement(RemoteWebDriver.java:350)
at org.openqa.selenium.support.pagefactory.DefaultElementLocator.findElement(DefaultElementLocator.java:68)
at org.openqa.selenium.support.pagefactory.internal.LocatingElementHandler.invoke(LocatingElementHandler.java:38)
at jdk.proxy2/jdk.proxy2.$Proxy11.sendKeys(Unknown Source)
at com.Amazon.page.SearchProduct.searchBag(SearchProduct.java:23)
at com.Amazon.Test.SearchProductTest.searchSaree(SearchProductTest.java:18)
at java.base/java.util.ArrayList.forEach(ArrayList.java:1511)
... Removed 32 stack frames]]>
    </failure>
  </testcase> <!-- searchSaree -->
  <testcase classname="com.Amazon.Test.SignUpTest" name="ClickSignUp" time="3.453">
    <failure type="java.lang.AssertionError" message="expected [https://www.amazon.in/gp/yourstore/home?path=%2Fgp%2Fyourstore%2Fhome&amp;amp;useRedirectOnSuccess=1&amp;amp;signIn=1&amp;amp;action=sign-out&amp;amp;ref_=nav_AccountFlyout_signout] but found [https://www.amazon.in/ap/cvf/transactionapproval?arb=cc39eafe-9ca9-41f9-b19e-49524ca1770f&amp;amp;openid.assoc_handle=inflex&amp;amp;pageId=inflex&amp;amp;openid.return_to=https%3A%2F%2Fwww.amazon.in%2Fap%2Fsignin%3Fie%3DUTF8%26clientContext%3D259-2145282-5255642%26arb%3Dffe29e0c-8582-4faf-941b-fb89d9eb8423%26openid.pape.max_auth_age%3D900%26use_global_authentication%3Dfalse%26openid.return_to%3Dhttps%253A%252F%252Fwww.amazon.in%252Fgp%252Fyourstore%252Fhome%253Fpath%253D%25252Fgp%25252Fyourstore%25252Fhome%2526useRedirectOnSuccess%253D1%2526signIn%253D1%2526action%253Dsign-out%2526ref_%253Dnav_AccountFlyout_signout%26openid.assoc_handle%3Dinflex%26openid.mode%3Dcheckid_setup%26pageId%3Dinflex%26openid.ns%3Dhttp%253A%252F%252Fspecs.openid.net%252Fauth%252F2.0]">
      <![CDATA[java.lang.AssertionError: expected [https://www.amazon.in/gp/yourstore/home?path=%2Fgp%2Fyourstore%2Fhome&useRedirectOnSuccess=1&signIn=1&action=sign-out&ref_=nav_AccountFlyout_signout] but found [https://www.amazon.in/ap/cvf/transactionapproval?arb=cc39eafe-9ca9-41f9-b19e-49524ca1770f&openid.assoc_handle=inflex&pageId=inflex&openid.return_to=https%3A%2F%2Fwww.amazon.in%2Fap%2Fsignin%3Fie%3DUTF8%26clientContext%3D259-2145282-5255642%26arb%3Dffe29e0c-8582-4faf-941b-fb89d9eb8423%26openid.pape.max_auth_age%3D900%26use_global_authentication%3Dfalse%26openid.return_to%3Dhttps%253A%252F%252Fwww.amazon.in%252Fgp%252Fyourstore%252Fhome%253Fpath%253D%25252Fgp%25252Fyourstore%25252Fhome%2526useRedirectOnSuccess%253D1%2526signIn%253D1%2526action%253Dsign-out%2526ref_%253Dnav_AccountFlyout_signout%26openid.assoc_handle%3Dinflex%26openid.mode%3Dcheckid_setup%26pageId%3Dinflex%26openid.ns%3Dhttp%253A%252F%252Fspecs.openid.net%252Fauth%252F2.0]
at com.Amazon.Test.SignUpTest.ClickSignUp(SignUpTest.java:15)
at java.base/java.util.ArrayList.forEach(ArrayList.java:1511)
... Removed 33 stack frames]]>
    </failure>
  </testcase> <!-- ClickSignUp -->
</testsuite> <!-- Test -->
